<?xml version="1.0" encoding="UTF-8" ?>
<testsuite failures="0" time="0.473" errors="0" skipped="0" tests="22" name="com.tommytony.war.spec.volumes.ZoneVolumeSpecTest">
  <properties>
    <property name="java.runtime.name" value="Java(TM) SE Runtime Environment"/>
    <property name="sun.boot.library.path" value="C:\Program Files\Java\jdk1.7.0_04\jre\bin"/>
    <property name="java.vm.version" value="23.0-b21"/>
    <property name="java.vm.vendor" value="Oracle Corporation"/>
    <property name="java.vendor.url" value="http://java.oracle.com/"/>
    <property name="path.separator" value=";"/>
    <property name="guice.disable.misplaced.annotation.check" value="true"/>
    <property name="java.vm.name" value="Java HotSpot(TM) 64-Bit Server VM"/>
    <property name="file.encoding.pkg" value="sun.io"/>
    <property name="user.script" value=""/>
    <property name="user.country" value="US"/>
    <property name="sun.java.launcher" value="SUN_STANDARD"/>
    <property name="sun.os.patch.level" value="Service Pack 1"/>
    <property name="java.vm.specification.name" value="Java Virtual Machine Specification"/>
    <property name="user.dir" value="C:\Users\Austin\Programming\Java\war\war"/>
    <property name="java.runtime.version" value="1.7.0_04-b20"/>
    <property name="java.awt.graphicsenv" value="sun.awt.Win32GraphicsEnvironment"/>
    <property name="java.endorsed.dirs" value="C:\Program Files\Java\jdk1.7.0_04\jre\lib\endorsed"/>
    <property name="os.arch" value="amd64"/>
    <property name="java.io.tmpdir" value="C:\Users\Austin\AppData\Local\Temp\"/>
    <property name="line.separator" value="
"/>
    <property name="java.vm.specification.vendor" value="Oracle Corporation"/>
    <property name="user.variant" value=""/>
    <property name="os.name" value="Windows 7"/>
    <property name="classworlds.conf" value="C:\Program Files\NetBeans 7.2.1\java\maven\bin\m2.conf"/>
    <property name="sun.jnu.encoding" value="Cp1252"/>
    <property name="java.library.path" value="C:\Program Files\Java\jdk1.7.0_04\bin;C:\Windows\Sun\Java\bin;C:\Windows\system32;C:\Windows;C:\Python33\;C:\Program Files (x86)\NVIDIA Corporation\PhysX\Common;C:\Program Files\Common Files\Microsoft Shared\Windows Live;C:\Program Files (x86)\Common Files\Microsoft Shared\Windows Live;C:\Windows\system32;C:\Windows;C:\Windows\System32\Wbem;C:\Windows\System32\WindowsPowerShell\v1.0\;c:\Program Files (x86)\Common Files\Roxio Shared\DLLShared\;c:\Program Files (x86)\Common Files\Roxio Shared\DLLShared\;c:\Program Files (x86)\Common Files\Roxio Shared\12.0\DLLShared\;C:\Program Files (x86)\Windows Live\Shared;C:\Program Files\Microsoft SQL Server\110\Tools\Binn\;C:\Program Files (x86)\QuickTime\QTSystem\;C:\Ruby193\bin;."/>
    <property name="java.specification.name" value="Java Platform API Specification"/>
    <property name="java.class.version" value="51.0"/>
    <property name="sun.management.compiler" value="HotSpot 64-Bit Tiered Compilers"/>
    <property name="os.version" value="6.1"/>
    <property name="user.home" value="C:\Users\Austin"/>
    <property name="user.timezone" value="America/New_York"/>
    <property name="java.awt.printerjob" value="sun.awt.windows.WPrinterJob"/>
    <property name="java.specification.version" value="1.7"/>
    <property name="file.encoding" value="Cp1252"/>
    <property name="user.name" value="Austin"/>
    <property name="java.class.path" value="C:\Program Files\NetBeans 7.2.1\java\maven\boot\plexus-classworlds-2.4.jar"/>
    <property name="java.vm.specification.version" value="1.7"/>
    <property name="sun.arch.data.model" value="64"/>
    <property name="java.home" value="C:\Program Files\Java\jdk1.7.0_04\jre"/>
    <property name="sun.java.command" value="org.codehaus.plexus.classworlds.launcher.Launcher clean install"/>
    <property name="java.specification.vendor" value="Oracle Corporation"/>
    <property name="user.language" value="en"/>
    <property name="awt.toolkit" value="sun.awt.windows.WToolkit"/>
    <property name="java.vm.info" value="mixed mode"/>
    <property name="java.version" value="1.7.0_04"/>
    <property name="java.ext.dirs" value="C:\Program Files\Java\jdk1.7.0_04\jre\lib\ext;C:\Windows\Sun\Java\lib\ext"/>
    <property name="sun.boot.class.path" value="C:\Program Files\Java\jdk1.7.0_04\jre\lib\resources.jar;C:\Program Files\Java\jdk1.7.0_04\jre\lib\rt.jar;C:\Program Files\Java\jdk1.7.0_04\jre\lib\sunrsasign.jar;C:\Program Files\Java\jdk1.7.0_04\jre\lib\jsse.jar;C:\Program Files\Java\jdk1.7.0_04\jre\lib\jce.jar;C:\Program Files\Java\jdk1.7.0_04\jre\lib\charsets.jar;C:\Program Files\Java\jdk1.7.0_04\jre\lib\jfr.jar;C:\Program Files\Java\jdk1.7.0_04\jre\classes"/>
    <property name="java.vendor" value="Oracle Corporation"/>
    <property name="maven.home" value="C:\Program Files\NetBeans 7.2.1\java\maven"/>
    <property name="file.separator" value="\"/>
    <property name="java.vendor.url.bug" value="http://bugreport.sun.com/bugreport/"/>
    <property name="sun.cpu.endian" value="little"/>
    <property name="sun.io.unicode.encoding" value="UnicodeLittle"/>
    <property name="sun.desktop" value="windows"/>
    <property name="sun.cpu.isalist" value="amd64"/>
  </properties>
  <testcase time="0.338" classname="com.tommytony.war.spec.volumes.ZoneVolumeSpecTest" name="setNorthwest_whenCreating_AndNoCorner1IsSet_ButCorner2Set_AndNewCornerBlockIsTooFarFromCorner2_shouldThrowTooBigException"/>
  <testcase time="0.002" classname="com.tommytony.war.spec.volumes.ZoneVolumeSpecTest" name="setNorthwest_whenCreating_AndNoCorner1IsSet_ButCorner2Set_AndNewCornerBlockIsTooCloseToCorner2_shouldThrowTooSmallException"/>
  <testcase time="0.003" classname="com.tommytony.war.spec.volumes.ZoneVolumeSpecTest" name="setNorthwest_whenCreating_AndCorner1AlreadySet_ButNewCornerBlockIsEastOfCorner1_shouldThrowNotNorthwestException"/>
  <testcase time="0.003" classname="com.tommytony.war.spec.volumes.ZoneVolumeSpecTest" name="setNorthwest_whenCreating_AndCorner1AlreadySet_ButNewCornerBlockIsSouthOfCorner1_shouldThrowNotNorthwestException"/>
  <testcase time="0.003" classname="com.tommytony.war.spec.volumes.ZoneVolumeSpecTest" name="setSoutheast_whenCreating_AndCorner2AlreadySet_ButNewCornerBlockIsToWestOfCorner2_shouldThrowNotSoutheastException"/>
  <testcase time="0.002" classname="com.tommytony.war.spec.volumes.ZoneVolumeSpecTest" name="setSoutheast_whenCreating_AndCorner2AlreadySet_ButNewCornerBlockIsToNorthOfCorner2_shouldThrowNotSoutheastException"/>
  <testcase time="0.003" classname="com.tommytony.war.spec.volumes.ZoneVolumeSpecTest" name="setNorthwest_whenCreating_AndNoCorner1IsSet_ButCorner2Set_AndNewCornerBlockIsToEastOfCorner2_shouldThrowNotNorthwestException"/>
  <testcase time="0.003" classname="com.tommytony.war.spec.volumes.ZoneVolumeSpecTest" name="setNorthwest_whenCreating_AndNoCorner1IsSet_ButCorner2Set_AndNewCornerBlockIsToSouthOfCorner2_shouldThrowNotNorthwestException"/>
  <testcase time="0.003" classname="com.tommytony.war.spec.volumes.ZoneVolumeSpecTest" name="setSoutheast_whenCreatingAndNoCorner2IsSet_ButCorner1IsAlreadySet_AndNewCornerBlockIsToWestOfCorner1_shouldThrowNotSoutheastException"/>
  <testcase time="0.004" classname="com.tommytony.war.spec.volumes.ZoneVolumeSpecTest" name="setSoutheast_whenCreatingAndNoCorner2IsSet_ButCorner1IsAlreadySet_AndNewCornerBlockIsToNorthOfCorner1_shouldThrowNotSoutheastException"/>
  <testcase time="0.004" classname="com.tommytony.war.spec.volumes.ZoneVolumeSpecTest" name="setNorthwest_whenCreatingAndNoCornersAreSet_shouldSetCorner1AtTop"/>
  <testcase time="0.004" classname="com.tommytony.war.spec.volumes.ZoneVolumeSpecTest" name="setNorthwest_whenCreatingAndCorner1AlreadySet_shouldSetCorner2AtTop"/>
  <testcase time="0.004" classname="com.tommytony.war.spec.volumes.ZoneVolumeSpecTest" name="setNorthwest_whenChangingVolumeWithCorner1NwCorner2Se_shouldMoveCorner1"/>
  <testcase time="0.005" classname="com.tommytony.war.spec.volumes.ZoneVolumeSpecTest" name="setNorthwest_whenChangingVolumeWithCorner1SeCorner2Nw_shouldMoveCorner2"/>
  <testcase time="0.003" classname="com.tommytony.war.spec.volumes.ZoneVolumeSpecTest" name="setSoutheast_whenCreatingAndNoCornersAreSet_shouldSetCorner2AtBottom"/>
  <testcase time="0.006" classname="com.tommytony.war.spec.volumes.ZoneVolumeSpecTest" name="setSoutheast_whenCreatingAndCorner2AlreadySet_shouldSetCorner1AtBottom"/>
  <testcase time="0.004" classname="com.tommytony.war.spec.volumes.ZoneVolumeSpecTest" name="setSoutheast_whenChangingVolumeWithCorner1NwCorner2Se_shouldMoveCorner2"/>
  <testcase time="0.004" classname="com.tommytony.war.spec.volumes.ZoneVolumeSpecTest" name="setSoutheast_whenChangingVolumeWithCorner1SeCorner2Nw_shouldMoveCorner1"/>
  <testcase time="0.003" classname="com.tommytony.war.spec.volumes.ZoneVolumeSpecTest" name="setNorthwest_whenChangingVolumeWithCorner1NeCorner2Sw_shouldMoveCorner1XAndCorner2Z"/>
  <testcase time="0.004" classname="com.tommytony.war.spec.volumes.ZoneVolumeSpecTest" name="setNorthwest_whenChangingVolumeWithCorner1SwCorner2Ne_shouldMoveCorner1ZAndCorner2X"/>
  <testcase time="0.003" classname="com.tommytony.war.spec.volumes.ZoneVolumeSpecTest" name="setSoutheast_whenChangingVolumeWithCorner1NeCorner2Sw_shouldMoveCorner1ZAndCorner2X"/>
  <testcase time="0.003" classname="com.tommytony.war.spec.volumes.ZoneVolumeSpecTest" name="setSoutheast_whenChangingVolumeWithCorner1SwCorner2Ne_shouldMoveCorner1XAndCorner2Z"/>
</testsuite>